Run options: include {:locations=>{"./spec/models/graphmaster_spec.rb"=>[58]}}
IN WHICH ROOMS DO YOU WATCH PORN
/^<AimlBot> HOW [A-Z0-9 ]+$/i
false
IN WHICH ROOMS DO YOU WATCH PORN
/^<AimlBot> [A-Z0-9 ]+$/i
false
IN WHICH ROOMS DO YOU WATCH PORN
/^TEXT MY [A-Z0-9 ]+$/i
false
IN WHICH ROOMS DO YOU WATCH PORN
/^TEXT TO [A-Z0-9 ]+$/i
false
IN WHICH ROOMS DO YOU WATCH PORN
/^TEXT [A-Z0-9 ]+ I [A-Z0-9 ]+$/i
false
IN WHICH ROOMS DO YOU WATCH PORN
/^TEXT [A-Z0-9 ]+ [A-Z0-9 ]+ I [A-Z0-9 ]+$/i
false
IN WHICH ROOMS DO YOU WATCH PORN
/^TEXT [A-Z0-9 ]+ [A-Z0-9 ]+$/i
false
IN WHICH ROOMS DO YOU WATCH PORN
/^TEXT [A-Z0-9 ]+$/i
false
IN WHICH ROOMS DO YOU WATCH PORN
/^SMS MY [A-Z0-9 ]+$/i
false
IN WHICH ROOMS DO YOU WATCH PORN
/^SEND MY [A-Z0-9 ]+ A TEXT MESSAGE SAYING [A-Z0-9 ]+$/i
false
IN WHICH ROOMS DO YOU WATCH PORN
/^SEND TO EMAIL [A-Z0-9 ]+ COM [A-Z0-9 ]+$/i
false
IN WHICH ROOMS DO YOU WATCH PORN
/^SEND SMS TO [A-Z0-9 ]+$/i
false
IN WHICH ROOMS DO YOU WATCH PORN
/^SEND TEXT MESSAGE TO [A-Z0-9 ]+$/i
false
IN WHICH ROOMS DO YOU WATCH PORN
/^SEND AN EMAIL TO [A-Z0-9 ]+$/i
false
IN WHICH ROOMS DO YOU WATCH PORN
/^SEND [A-Z0-9 ]+ AN EMAIL$/i
false
IN WHICH ROOMS DO YOU WATCH PORN
/^SEND [A-Z0-9 ]+ EMAIL I [A-Z0-9 ]+$/i
false
IN WHICH ROOMS DO YOU WATCH PORN
/^WHO IS ALICE$/i
false
IN WHICH ROOMS DO YOU WATCH PORN
/^EMAIL MY [A-Z0-9 ]+$/i
false
IN WHICH ROOMS DO YOU WATCH PORN
/^EMAIL [A-Z0-9 ]+ SAYING [A-Z0-9 ]+$/i
false
IN WHICH ROOMS DO YOU WATCH PORN
/^EMAIL [A-Z0-9 ]+ TO SAY [A-Z0-9 ]+$/i
false
IN WHICH ROOMS DO YOU WATCH PORN
/^EMAIL [A-Z0-9 ]+ TO [A-Z0-9 ]+$/i
false
IN WHICH ROOMS DO YOU WATCH PORN
/^EMAIL [A-Z0-9 ]+ I [A-Z0-9 ]+$/i
false
IN WHICH ROOMS DO YOU WATCH PORN
/^EMAIL [A-Z0-9 ]+ THE [A-Z0-9 ]+$/i
false
IN WHICH ROOMS DO YOU WATCH PORN
/^CAN I SEND AN EMAIL TO [A-Z0-9 ]+$/i
false
IN WHICH ROOMS DO YOU WATCH PORN
/^MESSAGE [A-Z0-9 ]+$/i
false
IN WHICH ROOMS DO YOU WATCH PORN
/^[A-Z0-9 ]* DO YOU WANT TO HAVE SEX [A-Z0-9 ]*$/i
false
IN WHICH ROOMS DO YOU WATCH PORN
/^[A-Z0-9 ]* DO YOU WANT TO HAVE SEX WITH ME [A-Z0-9 ]*$/i
false
IN WHICH ROOMS DO YOU WATCH PORN
/^[A-Z0-9 ]* DO YOU WATCH PORN [A-Z0-9 ]*$/i
true
#<Graphmaster:0x007f8e33b94bc8>
#
DO
YOU
WATCH
PORN
#
#<That:0x007f8e3998f340>
#<Topic:0x007f8e3998f2c8>
.

Finished in 0.01334 seconds (files took 14.72 seconds to load)
1 example, 0 failures

